<?xml version="1.0" encoding="UTF-8"?>
<!-- Generated by org.testng.reporters.JUnitReportReporter -->
<testsuite hostname="TUSTX002MLVT01F" name="Test.A_2" tests="1" failures="0" timestamp="22 Oct 2015 00:30:41 GMT" time="20.447" errors="0">
  <testcase name="testyahoo" time="20.447" classname="Test.A_2"/>
</testsuite> <!-- Test.A_2 -->
