<?xml version="1.0" encoding="UTF-8"?>
<!-- Generated by org.testng.reporters.JUnitReportReporter -->
<testsuite hostname="TUSTX002MLVT01F" name="Test.chrome" tests="1" failures="0" timestamp="20 Oct 2015 09:57:41 GMT" time="6.041" errors="0">
  <testcase name="testbbc" time="6.041" classname="Test.chrome"/>
</testsuite> <!-- Test.chrome -->
